<?xml version="1.0" encoding="UTF-8"?>
<!-- Generated by org.testng.reporters.JUnitReportReporter -->
<testsuite hostname="LAPTOP-EHJT15OQ" failures="0" tests="1" name="testCases.SelectActions" time="13.898" errors="0" timestamp="2022-09-20T07:09:57 IST" skipped="0">
  <testcase classname="testCases.SelectActions" name="openBrowsere" time="13.898"/>
  <system-out/>
</testsuite> <!-- testCases.SelectActions -->
