<?xml version="1.0" encoding="UTF-8"?>
<!-- Generated by org.testng.reporters.JUnitReportReporter -->
<testsuite hostname="LAPTOP-EHJT15OQ" failures="0" tests="1" name="testCases.WindowHandling" time="7.724" errors="0" timestamp="2022-09-23T16:06:02 IST" skipped="0">
  <testcase classname="testCases.WindowHandling" name="openBrowsere" time="7.724"/>
  <system-out/>
</testsuite> <!-- testCases.WindowHandling -->
