<?xml version="1.0" encoding="UTF-8"?>
<!-- Generated by org.testng.reporters.JUnitReportReporter -->
<testsuite hostname="LAPTOP-EHJT15OQ" failures="0" tests="1" name="testCases.ScreenShotSnippet" time="6.010" errors="0" timestamp="2022-09-20T07:09:57 IST" skipped="0">
  <testcase classname="testCases.ScreenShotSnippet" name="openBrowsere" time="6.010"/>
  <system-out/>
</testsuite> <!-- testCases.ScreenShotSnippet -->
