<?xml version="1.0" encoding="UTF-8"?>
<!-- Generated by org.testng.reporters.JUnitReportReporter -->
<testsuite hostname="LAPTOP-EHJT15OQ" failures="0" tests="1" name="testCases.LoginTest" time="7.239" errors="0" timestamp="2022-09-07T22:02:40 IST" skipped="0">
  <testcase classname="testCases.LoginTest" name="openBrowsere" time="7.239"/>
  <system-out/>
</testsuite> <!-- testCases.LoginTest -->
