<?xml version="1.0" encoding="UTF-8"?>
<!-- Generated by org.testng.reporters.JUnitReportReporter -->
<testsuite hostname="LAPTOP-EHJT15OQ" failures="0" tests="1" name="interviewTestCases.ClickOnLinkWithAparameter" time="9.238" errors="0" timestamp="2022-09-26T22:10:58 IST" skipped="0">
  <testcase classname="interviewTestCases.ClickOnLinkWithAparameter" name="openBrowsere" time="9.238"/>
  <system-out/>
</testsuite> <!-- interviewTestCases.ClickOnLinkWithAparameter -->
